<?xml version="1.0" encoding="UTF-8"?>
<!-- Generated by org.testng.reporters.JUnitXMLReporter -->
<testsuite ignored="0" hostname="DESKTOP-T93JTV2" failures="1" tests="1" name="Surefire test" time="25.267" errors="0" timestamp="2025-04-11T18:30:20 IST">
  <testcase classname="io.cucumber.testng.AbstractTestNGCucumberTests" name="runScenario" time="24.595">
    <failure type="io.cucumber.testng.UndefinedStepException" message="The step &amp;apos;the user navigates to the Tax Details form in the Organization Settings&amp;apos; and 3 other step(s) are undefined.
You can implement these steps using the snippet(s) below:

@Given(&amp;quot;the user navigates to the Tax Details form in the Organization Settings&amp;quot;)
public void the_user_navigates_to_the_tax_details_form_in_the_organization_settings() {
    // Write code here that turns the phrase above into concrete actions
    throw new io.cucumber.java.PendingException();
}
@When(&amp;quot;the user clicks on the Registered Business Address dropdown field&amp;quot;)
public void the_user_clicks_on_the_registered_business_address_dropdown_field() {
    // Write code here that turns the phrase above into concrete actions
    throw new io.cucumber.java.PendingException();
}
@When(&amp;quot;selects a company address from the dropdown options&amp;quot;)
public void selects_a_company_address_from_the_dropdown_options() {
    // Write code here that turns the phrase above into concrete actions
    throw new io.cucumber.java.PendingException();
}
@Then(&amp;quot;the selected company address should be displayed in the Registered Business Address field&amp;quot;)
public void the_selected_company_address_should_be_displayed_in_the_registered_business_address_field() {
    // Write code here that turns the phrase above into concrete actions
    throw new io.cucumber.java.PendingException();
}
">
      <![CDATA[io.cucumber.testng.UndefinedStepException: The step 'the user navigates to the Tax Details form in the Organization Settings' and 3 other step(s) are undefined.
You can implement these steps using the snippet(s) below:

@Given("the user navigates to the Tax Details form in the Organization Settings")
public void the_user_navigates_to_the_tax_details_form_in_the_organization_settings() {
    // Write code here that turns the phrase above into concrete actions
    throw new io.cucumber.java.PendingException();
}
@When("the user clicks on the Registered Business Address dropdown field")
public void the_user_clicks_on_the_registered_business_address_dropdown_field() {
    // Write code here that turns the phrase above into concrete actions
    throw new io.cucumber.java.PendingException();
}
@When("selects a company address from the dropdown options")
public void selects_a_company_address_from_the_dropdown_options() {
    // Write code here that turns the phrase above into concrete actions
    throw new io.cucumber.java.PendingException();
}
@Then("the selected company address should be displayed in the Registered Business Address field")
public void the_selected_company_address_should_be_displayed_in_the_registered_business_address_field() {
    // Write code here that turns the phrase above into concrete actions
    throw new io.cucumber.java.PendingException();
}

at io.cucumber.core.runtime.TestCaseResultObserver.assertTestCasePassed(TestCaseResultObserver.java:69)
at io.cucumber.testng.TestCaseResultObserver.assertTestCasePassed(TestCaseResultObserver.java:23)
at io.cucumber.testng.TestNGCucumberRunner.lambda$runScenario$1(TestNGCucumberRunner.java:136)
at io.cucumber.core.runtime.CucumberExecutionContext.lambda$runTestCase$5(CucumberExecutionContext.java:136)
at io.cucumber.core.runtime.RethrowingThrowableCollector.executeAndThrow(RethrowingThrowableCollector.java:23)
at io.cucumber.core.runtime.CucumberExecutionContext.runTestCase(CucumberExecutionContext.java:136)
at io.cucumber.testng.TestNGCucumberRunner.runScenario(TestNGCucumberRunner.java:132)
at io.cucumber.testng.AbstractTestNGCucumberTests.runScenario(AbstractTestNGCucumberTests.java:35)
at java.base/java.util.ArrayList.forEach(ArrayList.java:1511)
... Removed 32 stack frames]]>
    </failure>
  </testcase> <!-- runScenario -->
</testsuite> <!-- Surefire test -->
